<?xml version="1.0" encoding="UTF-8"?>
<testsuite name="TicTacToeTest" tests="1" skipped="0" failures="0" errors="0" timestamp="2019-08-01T17:05:18" hostname="DESKTOP-C2VN90E" time="0.073">
  <properties/>
  <testcase name="start" classname="TicTacToeTest" time="0.073"/>
  <system-out><![CDATA[X O X
O X O
X X O
]]></system-out>
  <system-err><![CDATA[Start test 1
]]></system-err>
</testsuite>
