<?xml version="1.0" encoding="UTF-8"?>
<testsuite name="TicTacToeTest" tests="1" skipped="0" failures="0" errors="0" timestamp="2019-08-01T23:11:52" hostname="DESKTOP-C2VN90E" time="0.226">
  <properties/>
  <testcase name="start" classname="TicTacToeTest" time="0.226"/>
  <system-out><![CDATA[Enter cells: 
11
---------
| O   O |
| X X O |
|   X X |
---------
Enter cells: 
11
---------
| O X O |
|     X |
|   O X |
---------
Enter cells: 
11
---------
|       |
|       |
|       |
---------
Enter cells: 
11
---------
|   O   |
|   X   |
|     X |
---------
]]></system-out>
  <system-err><![CDATA[Start test 1
Start test 2
Start test 3
Start test 4
]]></system-err>
</testsuite>
