<?xml version="1.0" encoding="UTF-8"?>
<testsuite name="EditorTest" tests="1" skipped="0" failures="0" errors="0" timestamp="2019-08-12T20:39:15" hostname="DESKTOP-C2VN90E" time="22.513">
  <properties/>
  <testcase name="start" classname="EditorTest" time="22.513"/>
  <system-out><![CDATA[file does not exit
file does not exit
]]></system-out>
  <system-err><![CDATA[Start test 1
Start test 2
Start test 3
Start test 4
Start test 5
Start test 6
Start test 7
Start test 8
Start test 9
Start test 10
Start test 11
Start test 12
Start test 13
Start test 14
Start test 15
Start test 16
Start test 17
Start test 18
Start test 19
Start test 20
Start test 21
Start test 22
Start test 23
Start test 24
Start test 25
Start test 26
Start test 27
Start test 28
Start test 29
Start test 30
Start test 31
Start test 32
Start test 33
Start test 34
]]></system-err>
</testsuite>
